Checking for new versions...

Getting ready...
Ready! You are using Stripe API Version [2026-01-28.clover]. Your webhook signing secret is whsec_5f1b1e2d4680ac05a4618524568a0659a83f18a07de78aac6427be2467bbfd31 (^C to quit)
2026-04-28 14:45:20   --> product.created [evt_1TRB0uD6DRGZELevBUrjAWr4]
2026-04-28 14:45:20  <--  [200] POST http://localhost:3001/api/webhooks/stripe [evt_1TRB0uD6DRGZELevBUrjAWr4]
2026-04-28 14:47:26   --> payment_method.attached [evt_1TRB2wD6DRGZELevuq958O3O]
2026-04-28 14:47:26  <--  [200] POST http://localhost:3001/api/webhooks/stripe [evt_1TRB2wD6DRGZELevuq958O3O]
2026-04-28 14:47:26   --> customer.created [evt_1TRB2wD6DRGZELevfQX7SHbo]
2026-04-28 14:47:26  <--  [200] POST http://localhost:3001/api/webhooks/stripe [evt_1TRB2wD6DRGZELevfQX7SHbo]
2026-04-28 14:47:27   --> product.created [evt_1TRB2wD6DRGZELevaAaWGWfR]
2026-04-28 14:47:27  <--  [200] POST http://localhost:3001/api/webhooks/stripe [evt_1TRB2wD6DRGZELevaAaWGWfR]
2026-04-28 14:47:27   --> plan.created [evt_1TRB2xD6DRGZELev9KiCcVK1]
2026-04-28 14:47:27  <--  [200] POST http://localhost:3001/api/webhooks/stripe [evt_1TRB2xD6DRGZELev9KiCcVK1]
2026-04-28 14:47:27   --> price.created [evt_1TRB2xD6DRGZELevsXAhX50o]
2026-04-28 14:47:27  <--  [200] POST http://localhost:3001/api/webhooks/stripe [evt_1TRB2xD6DRGZELevsXAhX50o]
2026-04-28 14:47:31   --> charge.succeeded [evt_3TRB2yD6DRGZELev0Vr7lwtC]
2026-04-28 14:47:31  <--  [200] POST http://localhost:3001/api/webhooks/stripe [evt_3TRB2yD6DRGZELev0Vr7lwtC]
2026-04-28 14:47:31   --> customer.updated [evt_1TRB31D6DRGZELeviCgfrVhS]
2026-04-28 14:47:31  <--  [200] POST http://localhost:3001/api/webhooks/stripe [evt_1TRB31D6DRGZELeviCgfrVhS]
2026-04-28 14:47:31   --> customer.subscription.created [evt_1TRB31D6DRGZELevBtWQD6k9]
2026-04-28 14:47:31  <--  [200] POST http://localhost:3001/api/webhooks/stripe [evt_1TRB31D6DRGZELevBtWQD6k9]
2026-04-28 14:47:31   --> payment_intent.succeeded [evt_3TRB2yD6DRGZELev03fTwa4X]
2026-04-28 14:47:31  <--  [200] POST http://localhost:3001/api/webhooks/stripe [evt_3TRB2yD6DRGZELev03fTwa4X]
2026-04-28 14:47:32   --> payment_intent.created [evt_3TRB2yD6DRGZELev0o03Mlw4]
2026-04-28 14:47:32  <--  [200] POST http://localhost:3001/api/webhooks/stripe [evt_3TRB2yD6DRGZELev0o03Mlw4]
2026-04-28 14:47:32   --> invoice.created [evt_1TRB32D6DRGZELev1d4btDpe]
2026-04-28 14:47:32  <--  [200] POST http://localhost:3001/api/webhooks/stripe [evt_1TRB32D6DRGZELev1d4btDpe]
2026-04-28 14:47:32   --> invoice.finalized [evt_1TRB32D6DRGZELevpBSNBuWR]
2026-04-28 14:47:32  <--  [200] POST http://localhost:3001/api/webhooks/stripe [evt_1TRB32D6DRGZELevpBSNBuWR]
2026-04-28 14:47:32   --> invoice.paid [evt_1TRB32D6DRGZELevyw3TXwp8]
2026-04-28 14:47:32  <--  [200] POST http://localhost:3001/api/webhooks/stripe [evt_1TRB32D6DRGZELevyw3TXwp8]
2026-04-28 14:47:32   --> invoice.payment_succeeded [evt_1TRB32D6DRGZELev01ZtILAO]
2026-04-28 14:47:32  <--  [200] POST http://localhost:3001/api/webhooks/stripe [evt_1TRB32D6DRGZELev01ZtILAO]
2026-04-28 14:47:33   --> customer.subscription.deleted [evt_1TRB33D6DRGZELevA7rg2svs]
2026-04-28 14:47:33  <--  [200] POST http://localhost:3001/api/webhooks/stripe [evt_1TRB33D6DRGZELevA7rg2svs]
2026-04-28 14:47:39   --> customer.created [evt_1TRB38D6DRGZELevxa3oHIyT]
2026-04-28 14:47:39  <--  [200] POST http://localhost:3001/api/webhooks/stripe [evt_1TRB38D6DRGZELevxa3oHIyT]
2026-04-28 14:47:39   --> product.created [evt_1TRB39D6DRGZELev2WQZOGqq]
2026-04-28 14:47:39  <--  [200] POST http://localhost:3001/api/webhooks/stripe [evt_1TRB39D6DRGZELev2WQZOGqq]
2026-04-28 14:47:40   --> plan.created [evt_1TRB3AD6DRGZELevTmW7fMSn]
2026-04-28 14:47:40  <--  [200] POST http://localhost:3001/api/webhooks/stripe [evt_1TRB3AD6DRGZELevTmW7fMSn]
2026-04-28 14:47:40   --> price.created [evt_1TRB3AD6DRGZELevWqFBVkFe]
2026-04-28 14:47:40  <--  [200] POST http://localhost:3001/api/webhooks/stripe [evt_1TRB3AD6DRGZELevWqFBVkFe]
2026-04-28 14:47:41   --> setup_intent.created [evt_1TRB3BD6DRGZELevhfBLRVBS]
2026-04-28 14:47:41  <--  [200] POST http://localhost:3001/api/webhooks/stripe [evt_1TRB3BD6DRGZELevhfBLRVBS]
2026-04-28 14:47:42   --> customer.updated [evt_1TRB3BD6DRGZELevnP5EEaVF]
2026-04-28 14:47:42  <--  [200] POST http://localhost:3001/api/webhooks/stripe [evt_1TRB3BD6DRGZELevnP5EEaVF]
2026-04-28 14:47:42   --> customer.subscription.created [evt_1TRB3BD6DRGZELevG4ViGFr5]
2026-04-28 14:47:42  <--  [200] POST http://localhost:3001/api/webhooks/stripe [evt_1TRB3BD6DRGZELevG4ViGFr5]
2026-04-28 14:47:42   --> invoice.finalized [evt_1TRB3CD6DRGZELevEChVOWkn]
2026-04-28 14:47:42  <--  [200] POST http://localhost:3001/api/webhooks/stripe [evt_1TRB3CD6DRGZELevEChVOWkn]
2026-04-28 14:47:42   --> invoice.created [evt_1TRB3CD6DRGZELevQlbkHAiY]
2026-04-28 14:47:42  <--  [200] POST http://localhost:3001/api/webhooks/stripe [evt_1TRB3CD6DRGZELevQlbkHAiY]
2026-04-28 14:47:42   --> invoice.paid [evt_1TRB3CD6DRGZELevVbgOXqDW]
2026-04-28 14:47:42  <--  [200] POST http://localhost:3001/api/webhooks/stripe [evt_1TRB3CD6DRGZELevVbgOXqDW]
2026-04-28 14:47:42   --> invoice.payment_succeeded [evt_1TRB3CD6DRGZELevs7WZAEQb]
2026-04-28 14:47:42  <--  [200] POST http://localhost:3001/api/webhooks/stripe [evt_1TRB3CD6DRGZELevs7WZAEQb]
2026-04-28 14:47:43   --> customer.subscription.trial_will_end [evt_1TRB3CD6DRGZELevx8YwN3bi]
2026-04-28 14:47:43  <--  [200] POST http://localhost:3001/api/webhooks/stripe [evt_1TRB3CD6DRGZELevx8YwN3bi]
2026-04-28 14:47:43   --> customer.subscription.updated [evt_1TRB3DD6DRGZELev6HlL5qGw]
2026-04-28 14:47:43  <--  [200] POST http://localhost:3001/api/webhooks/stripe [evt_1TRB3DD6DRGZELev6HlL5qGw]
2026-04-28 14:47:43   --> customer.subscription.paused [evt_1TRB3DD6DRGZELeviT9T9fAC]
2026-04-28 14:47:43  <--  [200] POST http://localhost:3001/api/webhooks/stripe [evt_1TRB3DD6DRGZELeviT9T9fAC]
2026-04-28 14:47:53   --> customer.created [evt_1TRB3MD6DRGZELevG0ncm9gM]
2026-04-28 14:47:53  <--  [200] POST http://localhost:3001/api/webhooks/stripe [evt_1TRB3MD6DRGZELevG0ncm9gM]
2026-04-28 14:47:54   --> payment_method.attached [evt_1TRB3ND6DRGZELevTgicjlEO]
2026-04-28 14:47:54  <--  [200] POST http://localhost:3001/api/webhooks/stripe [evt_1TRB3ND6DRGZELevTgicjlEO]
2026-04-28 14:47:54   --> invoiceitem.created [evt_1TRB3OD6DRGZELevuNcRwC8g]
2026-04-28 14:47:54  <--  [200] POST http://localhost:3001/api/webhooks/stripe [evt_1TRB3OD6DRGZELevuNcRwC8g]
2026-04-28 14:47:54   --> customer.updated [evt_1TRB3OD6DRGZELevtRU7kISQ]
2026-04-28 14:47:54  <--  [200] POST http://localhost:3001/api/webhooks/stripe [evt_1TRB3OD6DRGZELevtRU7kISQ]
2026-04-28 14:47:55   --> invoice.created [evt_1TRB3PD6DRGZELeva1Xn9fj2]
2026-04-28 14:47:55  <--  [200] POST http://localhost:3001/api/webhooks/stripe [evt_1TRB3PD6DRGZELeva1Xn9fj2]
2026-04-28 14:47:59   --> charge.succeeded [evt_3TRB3QD6DRGZELev1NLxTtkk]
2026-04-28 14:47:59  <--  [200] POST http://localhost:3001/api/webhooks/stripe [evt_3TRB3QD6DRGZELev1NLxTtkk]
2026-04-28 14:47:59   --> payment_intent.succeeded [evt_3TRB3QD6DRGZELev1zD0RfgD]
2026-04-28 14:47:59  <--  [200] POST http://localhost:3001/api/webhooks/stripe [evt_3TRB3QD6DRGZELev1zD0RfgD]
2026-04-28 14:47:59   --> payment_intent.created [evt_3TRB3QD6DRGZELev1890DSwH]
2026-04-28 14:47:59  <--  [200] POST http://localhost:3001/api/webhooks/stripe [evt_3TRB3QD6DRGZELev1890DSwH]
2026-04-28 14:48:00   --> invoice.finalized [evt_1TRB3TD6DRGZELevLQdFDmd8]
2026-04-28 14:48:00  <--  [200] POST http://localhost:3001/api/webhooks/stripe [evt_1TRB3TD6DRGZELevLQdFDmd8]
2026-04-28 14:48:00   --> invoice.paid [evt_1TRB3UD6DRGZELev34C43Qnk]
2026-04-28 14:48:00  <--  [200] POST http://localhost:3001/api/webhooks/stripe [evt_1TRB3UD6DRGZELev34C43Qnk]
2026-04-28 14:48:00   --> invoice.payment_succeeded [evt_1TRB3UD6DRGZELevHkxh3V1I]
2026-04-28 14:48:00  <--  [200] POST http://localhost:3001/api/webhooks/stripe [evt_1TRB3UD6DRGZELevHkxh3V1I]
2026-04-28 14:48:00   --> invoice.updated [evt_1TRB3TD6DRGZELevFN6cfws9]
2026-04-28 14:48:00  <--  [200] POST http://localhost:3001/api/webhooks/stripe [evt_1TRB3TD6DRGZELevFN6cfws9]
2026-04-28 14:48:05   --> customer.created [evt_1TRB3YD6DRGZELevzw10CEhv]
2026-04-28 14:48:05  <--  [200] POST http://localhost:3001/api/webhooks/stripe [evt_1TRB3YD6DRGZELevzw10CEhv]
2026-04-28 14:48:06   --> payment_method.attached [evt_1TRB3ZD6DRGZELevdZQkuxnL]
2026-04-28 14:48:06  <--  [200] POST http://localhost:3001/api/webhooks/stripe [evt_1TRB3ZD6DRGZELevdZQkuxnL]
2026-04-28 14:48:06   --> customer.updated [evt_1TRB3aD6DRGZELevkPfbmkPw]
2026-04-28 14:48:06  <--  [200] POST http://localhost:3001/api/webhooks/stripe [evt_1TRB3aD6DRGZELevkPfbmkPw]
2026-04-28 14:48:06   --> invoiceitem.created [evt_1TRB3aD6DRGZELevo475VlWE]
2026-04-28 14:48:06  <--  [200] POST http://localhost:3001/api/webhooks/stripe [evt_1TRB3aD6DRGZELevo475VlWE]
2026-04-28 14:48:07   --> invoice.created [evt_1TRB3bD6DRGZELevtNOXPDcr]
2026-04-28 14:48:07  <--  [200] POST http://localhost:3001/api/webhooks/stripe [evt_1TRB3bD6DRGZELevtNOXPDcr]
2026-04-28 14:48:07   --> invoice_payment.paid [evt_1TRB3bD6DRGZELev3Iw0cYwF]
2026-04-28 14:48:08  <--  [200] POST http://localhost:3001/api/webhooks/stripe [evt_1TRB3bD6DRGZELev3Iw0cYwF]
2026-04-28 14:48:10   --> charge.failed [evt_3TRB3cD6DRGZELev1aBqxOGJ]
2026-04-28 14:48:10  <--  [200] POST http://localhost:3001/api/webhooks/stripe [evt_3TRB3cD6DRGZELev1aBqxOGJ]
2026-04-28 14:48:10   --> payment_intent.created [evt_3TRB3cD6DRGZELev1ALIoUAS]
2026-04-28 14:48:10  <--  [200] POST http://localhost:3001/api/webhooks/stripe [evt_3TRB3cD6DRGZELev1ALIoUAS]
2026-04-28 14:48:11   --> payment_intent.payment_failed [evt_3TRB3cD6DRGZELev16xYpKPL]
2026-04-28 14:48:11   --> invoice.updated [evt_1TRB3eD6DRGZELevByGKdd0x]
2026-04-28 14:48:11  <--  [200] POST http://localhost:3001/api/webhooks/stripe [evt_3TRB3cD6DRGZELev16xYpKPL]
2026-04-28 14:48:11  <--  [200] POST http://localhost:3001/api/webhooks/stripe [evt_1TRB3eD6DRGZELevByGKdd0x]
2026-04-28 14:48:11   --> invoice.finalized [evt_1TRB3eD6DRGZELevUNmz3Azb]
2026-04-28 14:48:11   --> invoice.payment_failed [evt_1TRB3eD6DRGZELev1eH6p8dH]
2026-04-28 14:48:11  <--  [200] POST http://localhost:3001/api/webhooks/stripe [evt_1TRB3eD6DRGZELevUNmz3Azb]
2026-04-28 14:48:11  <--  [200] POST http://localhost:3001/api/webhooks/stripe [evt_1TRB3eD6DRGZELev1eH6p8dH]
2026-04-28 14:48:28   --> invoice_payment.paid [evt_1TRB3wD6DRGZELevyEcRtBxi]
2026-04-28 14:48:28  <--  [200] POST http://localhost:3001/api/webhooks/stripe [evt_1TRB3wD6DRGZELevyEcRtBxi]
2026-04-28 14:48:52   --> product.created [evt_1TRB4KD6DRGZELevW8iOUsNH]
2026-04-28 14:48:52  <--  [200] POST http://localhost:3001/api/webhooks/stripe [evt_1TRB4KD6DRGZELevW8iOUsNH]
2026-04-28 14:48:53   --> price.created [evt_1TRB4KD6DRGZELevbSkSTacI]
2026-04-28 14:48:53  <--  [200] POST http://localhost:3001/api/webhooks/stripe [evt_1TRB4KD6DRGZELevbSkSTacI]
2026-04-28 14:48:56   --> charge.succeeded [evt_3TRB4ND6DRGZELev0Ado20z0]
2026-04-28 14:48:56  <--  [200] POST http://localhost:3001/api/webhooks/stripe [evt_3TRB4ND6DRGZELev0Ado20z0]
2026-04-28 14:48:56   --> payment_intent.succeeded [evt_3TRB4ND6DRGZELev0WbFfoYF]
2026-04-28 14:48:56  <--  [200] POST http://localhost:3001/api/webhooks/stripe [evt_3TRB4ND6DRGZELev0WbFfoYF]
2026-04-28 14:48:56   --> payment_intent.created [evt_3TRB4ND6DRGZELev0nDNL8er]
2026-04-28 14:48:56   --> checkout.session.completed [evt_1TRB4OD6DRGZELevF4a3YwTG]
2026-04-28 14:48:56  <--  [200] POST http://localhost:3001/api/webhooks/stripe [evt_3TRB4ND6DRGZELev0nDNL8er]
2026-04-28 14:48:56  <--  [200] POST http://localhost:3001/api/webhooks/stripe [evt_1TRB4OD6DRGZELevF4a3YwTG]
2026-04-28 14:48:59   --> charge.updated [evt_3TRB4ND6DRGZELev0TsqiW6t]
2026-04-28 14:48:59  <--  [200] POST http://localhost:3001/api/webhooks/stripe [evt_3TRB4ND6DRGZELev0TsqiW6t]
2026-04-28 14:49:29   --> payment_intent.created [evt_3TRB4tD6DRGZELev18POqbee]
2026-04-28 14:49:29  <--  [200] POST http://localhost:3001/api/webhooks/stripe [evt_3TRB4tD6DRGZELev18POqbee]
2026-04-28 14:49:29   --> setup_intent.canceled [evt_1TRB4vD6DRGZELevx8lH350p]
2026-04-28 14:49:29  <--  [200] POST http://localhost:3001/api/webhooks/stripe [evt_1TRB4vD6DRGZELevx8lH350p]
2026-04-28 14:49:29   --> customer.subscription.updated [evt_1TRB4vD6DRGZELevxMDmnMgm]
2026-04-28 14:49:29  <--  [200] POST http://localhost:3001/api/webhooks/stripe [evt_1TRB4vD6DRGZELevxMDmnMgm]
2026-04-28 14:49:29   --> invoice.created [evt_1TRB4vD6DRGZELevW7Qm2PjI]
2026-04-28 14:49:29  <--  [200] POST http://localhost:3001/api/webhooks/stripe [evt_1TRB4vD6DRGZELevW7Qm2PjI]
2026-04-28 14:49:29   --> invoice.finalized [evt_1TRB4vD6DRGZELevgFwqvB35]
2026-04-28 14:49:29  <--  [200] POST http://localhost:3001/api/webhooks/stripe [evt_1TRB4vD6DRGZELevgFwqvB35]
2026-04-28 14:49:47   --> payment_intent.canceled [evt_3TRB4tD6DRGZELev1h8005E0]
2026-04-28 14:49:47  <--  [200] POST http://localhost:3001/api/webhooks/stripe [evt_3TRB4tD6DRGZELev1h8005E0]
2026-04-28 14:49:47   --> payment_intent.created [evt_3TRB5CD6DRGZELev1vxmo5Xx]
2026-04-28 14:49:47  <--  [200] POST http://localhost:3001/api/webhooks/stripe [evt_3TRB5CD6DRGZELev1vxmo5Xx]
2026-04-28 14:49:47   --> customer.subscription.pending_update_expired [evt_1TRB5DD6DRGZELevTTMVb0hv]
2026-04-28 14:49:47  <--  [200] POST http://localhost:3001/api/webhooks/stripe [evt_1TRB5DD6DRGZELevTTMVb0hv]
2026-04-28 14:49:47   --> customer.subscription.updated [evt_1TRB5DD6DRGZELev20cfgcjY]
2026-04-28 14:49:47  <--  [200] POST http://localhost:3001/api/webhooks/stripe [evt_1TRB5DD6DRGZELev20cfgcjY]
2026-04-28 14:49:47   --> invoice.updated [evt_1TRB5DD6DRGZELevZNlk0Wby]
2026-04-28 14:49:47  <--  [200] POST http://localhost:3001/api/webhooks/stripe [evt_1TRB5DD6DRGZELevZNlk0Wby]
2026-04-28 14:49:47   --> invoice.voided [evt_1TRB5DD6DRGZELevhOBl7rDp]
2026-04-28 14:49:47  <--  [200] POST http://localhost:3001/api/webhooks/stripe [evt_1TRB5DD6DRGZELevhOBl7rDp]
2026-04-28 14:49:48   --> invoice.created [evt_1TRB5DD6DRGZELevBjSpnDEJ]
2026-04-28 14:49:48  <--  [200] POST http://localhost:3001/api/webhooks/stripe [evt_1TRB5DD6DRGZELevBjSpnDEJ]
2026-04-28 14:49:48   --> invoice.finalized [evt_1TRB5ED6DRGZELevVru7snFp]
2026-04-28 14:49:48  <--  [200] POST http://localhost:3001/api/webhooks/stripe [evt_1TRB5ED6DRGZELevVru7snFp]
2026-04-28 14:50:18   --> customer.subscription.updated [evt_1TRB5hD6DRGZELev7y20wgGo]
2026-04-28 14:50:18  <--  [200] POST http://localhost:3001/api/webhooks/stripe [evt_1TRB5hD6DRGZELev7y20wgGo]
2026-04-28 14:50:24   --> customer.subscription.updated [evt_1TRB5oD6DRGZELevoGKakhjN]
2026-04-28 14:50:24  <--  [200] POST http://localhost:3001/api/webhooks/stripe [evt_1TRB5oD6DRGZELevoGKakhjN]
2026-04-28 14:51:00   --> customer.created [evt_1TRB6OD6DRGZELevTSFTkXeE]
2026-04-28 14:51:00  <--  [200] POST http://localhost:3001/api/webhooks/stripe [evt_1TRB6OD6DRGZELevTSFTkXeE]
2026-04-28 14:51:01   --> payment_method.attached [evt_1TRB6PD6DRGZELevDCwxpG9W]
2026-04-28 14:51:01  <--  [200] POST http://localhost:3001/api/webhooks/stripe [evt_1TRB6PD6DRGZELevDCwxpG9W]
2026-04-28 14:51:02   --> product.created [evt_1TRB6QD6DRGZELevkKjJrG0L]
2026-04-28 14:51:02  <--  [200] POST http://localhost:3001/api/webhooks/stripe [evt_1TRB6QD6DRGZELevkKjJrG0L]
2026-04-28 14:51:02   --> plan.created [evt_1TRB6QD6DRGZELevHYlrOX4t]
2026-04-28 14:51:02  <--  [200] POST http://localhost:3001/api/webhooks/stripe [evt_1TRB6QD6DRGZELevHYlrOX4t]
2026-04-28 14:51:02   --> price.created [evt_1TRB6QD6DRGZELev9iCHTCmB]
2026-04-28 14:51:02  <--  [200] POST http://localhost:3001/api/webhooks/stripe [evt_1TRB6QD6DRGZELev9iCHTCmB]
2026-04-28 14:51:06   --> charge.succeeded [evt_3TRB6SD6DRGZELev0UmXChJV]
2026-04-28 14:51:06  <--  [200] POST http://localhost:3001/api/webhooks/stripe [evt_3TRB6SD6DRGZELev0UmXChJV]
2026-04-28 14:51:07   --> customer.updated [evt_1TRB6UD6DRGZELev7q5eSGho]
2026-04-28 14:51:07  <--  [200] POST http://localhost:3001/api/webhooks/stripe [evt_1TRB6UD6DRGZELev7q5eSGho]
2026-04-28 14:51:07   --> customer.subscription.created [evt_1TRB6UD6DRGZELevGI4CFeDZ]
2026-04-28 14:51:07  <--  [200] POST http://localhost:3001/api/webhooks/stripe [evt_1TRB6UD6DRGZELevGI4CFeDZ]
2026-04-28 14:51:07   --> payment_intent.succeeded [evt_3TRB6SD6DRGZELev0Ah9PrjI]
2026-04-28 14:51:07  <--  [200] POST http://localhost:3001/api/webhooks/stripe [evt_3TRB6SD6DRGZELev0Ah9PrjI]
2026-04-28 14:51:07   --> payment_intent.created [evt_3TRB6SD6DRGZELev0jPPU2sq]
2026-04-28 14:51:07  <--  [200] POST http://localhost:3001/api/webhooks/stripe [evt_3TRB6SD6DRGZELev0jPPU2sq]
2026-04-28 14:51:07   --> invoice.created [evt_1TRB6VD6DRGZELevidvEizW1]
2026-04-28 14:51:07  <--  [200] POST http://localhost:3001/api/webhooks/stripe [evt_1TRB6VD6DRGZELevidvEizW1]
2026-04-28 14:51:07   --> invoice.finalized [evt_1TRB6VD6DRGZELevQ4neFr72]
2026-04-28 14:51:07  <--  [200] POST http://localhost:3001/api/webhooks/stripe [evt_1TRB6VD6DRGZELevQ4neFr72]
2026-04-28 14:51:07   --> invoice.paid [evt_1TRB6VD6DRGZELevV8sOwDrN]
2026-04-28 14:51:07  <--  [200] POST http://localhost:3001/api/webhooks/stripe [evt_1TRB6VD6DRGZELevV8sOwDrN]
2026-04-28 14:51:07   --> invoice.payment_succeeded [evt_1TRB6VD6DRGZELevqHiXPaCv]
2026-04-28 14:51:07  <--  [200] POST http://localhost:3001/api/webhooks/stripe [evt_1TRB6VD6DRGZELevqHiXPaCv]
2026-04-28 14:51:08   --> customer.subscription.updated [evt_1TRB6WD6DRGZELevqxiJDLw3]
2026-04-28 14:51:08  <--  [200] POST http://localhost:3001/api/webhooks/stripe [evt_1TRB6WD6DRGZELevqxiJDLw3]
2026-04-28 14:51:41   --> invoice_payment.paid [evt_1TRB73D6DRGZELevM0OKUp9c]
2026-04-28 14:51:41  <--  [200] POST http://localhost:3001/api/webhooks/stripe [evt_1TRB73D6DRGZELevM0OKUp9c]
